2016-09-08 19:41:53 [org.springframework.boot.SpringApplicationRunListeners:86] - Error handling failed
java.lang.NullPointerException: null
	at org.springframework.boot.context.event.EventPublishingRunListener.finished(EventPublishingRunListener.java:93)
	at org.springframework.boot.SpringApplicationRunListeners.callFinishedListener(SpringApplicationRunListeners.java:79)
	at org.springframework.boot.SpringApplicationRunListeners.finished(SpringApplicationRunListeners.java:72)
	at org.springframework.boot.SpringApplication.handleRunFailure(SpringApplication.java:810)
	at org.springframework.boot.SpringApplication.run(SpringApplication.java:324)
	at org.springframework.boot.SpringApplication.run(SpringApplication.java:1185)
	at org.springframework.boot.SpringApplication.run(SpringApplication.java:1174)
	at info.yywang.file.app.Application.main(Application.java:16)
	at sun.reflect.NativeMethodAccessorImpl.invoke0(Native Method)
	at sun.reflect.NativeMethodAccessorImpl.invoke(NativeMethodAccessorImpl.java:57)
	at sun.reflect.DelegatingMethodAccessorImpl.invoke(DelegatingMethodAccessorImpl.java:43)
	at java.lang.reflect.Method.invoke(Method.java:606)
	at com.intellij.rt.execution.application.AppMain.main(AppMain.java:144)
2016-09-08 19:41:53 [org.springframework.boot.SpringApplication:838] - Application startup failed
java.lang.IllegalStateException: Logback configuration error detected: 
ERROR in ch.qos.logback.core.joran.action.AppenderAction - Could not create an Appender of type [com.iydsj.sw.smart.cat.log.CatAppender]. ch.qos.logback.core.util.DynamicClassLoadingException: Failed to instantiate type com.iydsj.sw.smart.cat.log.CatAppender
ERROR in ch.qos.logback.core.joran.spi.Interpreter@65:81 - ActionException in Action for tag [appender] ch.qos.logback.core.joran.spi.ActionException: ch.qos.logback.core.util.DynamicClassLoadingException: Failed to instantiate type com.iydsj.sw.smart.cat.log.CatAppender
	at org.springframework.boot.logging.logback.LogbackLoggingSystem.loadConfiguration(LogbackLoggingSystem.java:152)
	at org.springframework.boot.logging.logback.LogbackLoggingSystem.reinitialize(LogbackLoggingSystem.java:195)
	at org.springframework.boot.logging.AbstractLoggingSystem.initializeWithConventions(AbstractLoggingSystem.java:65)
	at org.springframework.boot.logging.AbstractLoggingSystem.initialize(AbstractLoggingSystem.java:50)
	at org.springframework.boot.logging.logback.LogbackLoggingSystem.initialize(LogbackLoggingSystem.java:106)
	at org.springframework.boot.logging.LoggingApplicationListener.initializeSystem(LoggingApplicationListener.java:289)
	at org.springframework.boot.logging.LoggingApplicationListener.initialize(LoggingApplicationListener.java:262)
	at org.springframework.boot.logging.LoggingApplicationListener.onApplicationEnvironmentPreparedEvent(LoggingApplicationListener.java:231)
	at org.springframework.boot.logging.LoggingApplicationListener.onApplicationEvent(LoggingApplicationListener.java:207)
	at org.springframework.context.event.SimpleApplicationEventMulticaster.invokeListener(SimpleApplicationEventMulticaster.java:166)
	at org.springframework.context.event.SimpleApplicationEventMulticaster.multicastEvent(SimpleApplicationEventMulticaster.java:138)
	at org.springframework.context.event.SimpleApplicationEventMulticaster.multicastEvent(SimpleApplicationEventMulticaster.java:121)
	at org.springframework.boot.context.event.EventPublishingRunListener.environmentPrepared(EventPublishingRunListener.java:68)
	at org.springframework.boot.SpringApplicationRunListeners.environmentPrepared(SpringApplicationRunListeners.java:54)
	at org.springframework.boot.SpringApplication.prepareEnvironment(SpringApplication.java:335)
	at org.springframework.boot.SpringApplication.run(SpringApplication.java:307)
	at org.springframework.boot.SpringApplication.run(SpringApplication.java:1185)
	at org.springframework.boot.SpringApplication.run(SpringApplication.java:1174)
	at info.yywang.file.app.Application.main(Application.java:16)
	at sun.reflect.NativeMethodAccessorImpl.invoke0(Native Method)
	at sun.reflect.NativeMethodAccessorImpl.invoke(NativeMethodAccessorImpl.java:57)
	at sun.reflect.DelegatingMethodAccessorImpl.invoke(DelegatingMethodAccessorImpl.java:43)
	at java.lang.reflect.Method.invoke(Method.java:606)
	at com.intellij.rt.execution.application.AppMain.main(AppMain.java:144)
2016-09-08 19:42:44 [org.springframework.boot.StartupInfoLogger:48] - Starting Application on wangyan.local with PID 6003 (/Users/yanyanwang/Super/Project/micro-file/app/target/classes started by yanyanwang in /Users/yanyanwang/Super/Project/micro-file)
2016-09-08 19:42:44 [org.springframework.boot.SpringApplication:659] - No active profile set, falling back to default profiles: default
2016-09-08 19:42:44 [org.springframework.context.support.AbstractApplicationContext:581] - Refreshing org.springframework.context.annotation.AnnotationConfigApplicationContext@18204bcc: startup date [Thu Sep 08 19:42:44 CST 2016]; root of context hierarchy
2016-09-08 19:42:46 [org.springframework.beans.factory.xml.XmlBeanDefinitionReader:317] - Loading XML bean definitions from class path resource [config/spring/application-provider.xml]
2016-09-08 19:42:47 [com.alibaba.dubbo.common.logger.log4j.Log4jLogger:58] - using logger: com.alibaba.dubbo.common.logger.log4j.Log4jLoggerAdapter
2016-09-08 19:42:48 [com.alibaba.druid.filter.FilterManager:133] - load filter error, filter not found : com.iydsj.sw.smart.cat.dao.CatLoggerFilter
2016-09-08 19:42:49 [org.springframework.jmx.export.MBeanExporter:431] - Registering beans for JMX exposure on startup
2016-09-08 19:42:49 [org.springframework.jmx.export.MBeanExporter:912] - Bean with name 'mainDataSource' has been autodetected for JMX exposure
2016-09-08 19:42:49 [org.springframework.jmx.export.MBeanExporter:667] - Located MBean 'mainDataSource': registering with JMX server as MBean [com.alibaba.druid.pool:name=mainDataSource,type=DruidDataSource]
2016-09-08 19:42:57 [org.springframework.context.support.AbstractApplicationContext:982] - Closing org.springframework.context.annotation.AnnotationConfigApplicationContext@18204bcc: startup date [Thu Sep 08 19:42:44 CST 2016]; root of context hierarchy
2016-09-08 19:42:57 [org.springframework.jmx.export.MBeanExporter:449] - Unregistering JMX-exposed beans on shutdown
2016-09-08 19:42:57 [com.alibaba.dubbo.common.logger.log4j.Log4jLogger:58] -  [DUBBO] Run shutdown hook now., dubbo version: 2.8.4, current host: 127.0.0.1
2016-09-08 19:42:57 [org.springframework.jmx.support.MBeanRegistrationSupport:241] - Unregistering JMX-exposed beans
2016-09-08 19:42:57 [com.alibaba.dubbo.common.logger.log4j.Log4jLogger:58] -  [DUBBO] Close all registries [], dubbo version: 2.8.4, current host: 127.0.0.1
